info it worked if it ends with ok
verbose cli [ 'node', '/usr/local/bin/npm', 'publish' ]
info using npm@1.0.101
info using node@v0.4.12
verbose config file /home/stefano/.npmrc
verbose config file /usr/local/etc/npmrc
verbose config file /usr/local/lib/node_modules/npm/npmrc
verbose publish [ '.' ]
silly testEngine { name: 'JSUS',
silly testEngine   description: 'JavaScript UtilS. Collection of general purpose functions. JSUS helps!',
silly testEngine   version: '0.1.1',
silly testEngine   keywords: 
silly testEngine    [ 'util',
silly testEngine      'general',
silly testEngine      'array',
silly testEngine      'eval',
silly testEngine      'time',
silly testEngine      'date',
silly testEngine      'object' ],
silly testEngine   author: 
silly testEngine    { name: 'Stefano Balietti',
silly testEngine      email: 'futur.dorko@gmail.com' },
silly testEngine   licenses: [ { type: 'MIT' } ],
silly testEngine   directories: { lib: './lib' },
silly testEngine   dependencies: {},
silly testEngine   engines: { node: '>=0.4.0' },
silly testEngine   main: 'jsus.js',
silly testEngine   repository: 
silly testEngine    { type: 'git',
silly testEngine      url: 'git://github.com/nodeGame/JSUS.git' },
silly testEngine   _npmUser: { name: 'shakty', email: 'futur.dorko@gmail.com' },
silly testEngine   _id: 'JSUS@0.1.1',
silly testEngine   devDependencies: {},
silly testEngine   _engineSupported: true,
silly testEngine   _npmVersion: '1.0.101',
silly testEngine   _nodeVersion: 'v0.4.12',
silly testEngine   _defaultsLoaded: true,
silly testEngine   scripts: {} }
verbose caching /var/www/JSUS/package.json
verbose loadDefaults JSUS@0.1.1
info prepublish JSUS@0.1.1
verbose cache add [ '.', null ]
silly cache add: name, spec, args [ undefined, '.', [ '.', null ] ]
verbose parsed url { pathname: '.', href: '.' }
silly testEngine { name: 'JSUS',
silly testEngine   description: 'JavaScript UtilS. Collection of general purpose functions. JSUS helps!',
silly testEngine   version: '0.1.1',
silly testEngine   keywords: 
silly testEngine    [ 'util',
silly testEngine      'general',
silly testEngine      'array',
silly testEngine      'eval',
silly testEngine      'time',
silly testEngine      'date',
silly testEngine      'object' ],
silly testEngine   author: 
silly testEngine    { name: 'Stefano Balietti',
silly testEngine      email: 'futur.dorko@gmail.com' },
silly testEngine   licenses: [ { type: 'MIT' } ],
silly testEngine   directories: { lib: './lib' },
silly testEngine   dependencies: {},
silly testEngine   engines: { node: '>=0.4.0' },
silly testEngine   main: 'jsus.js',
silly testEngine   repository: 
silly testEngine    { type: 'git',
silly testEngine      url: 'git://github.com/nodeGame/JSUS.git' },
silly testEngine   _npmUser: { name: 'shakty', email: 'futur.dorko@gmail.com' },
silly testEngine   _id: 'JSUS@0.1.1',
silly testEngine   devDependencies: {},
silly testEngine   _engineSupported: true,
silly testEngine   _npmVersion: '1.0.101',
silly testEngine   _nodeVersion: 'v0.4.12',
silly testEngine   _defaultsLoaded: true,
silly testEngine   path: '/var/www/JSUS' }
verbose caching package.json
verbose loadDefaults JSUS@0.1.1
verbose pack /var/www/JSUS /tmp/npm-1330276803534/1330276803534-0.23288958752527833/tmp.tgz
verbose mkdir (expected) error ENOENT, No such file or directory '/tmp/npm-1330276803534'
verbose mkdir (expected) error ENOENT, No such file or directory '/tmp/npm-1330276803534/1330276803534-0.23288958752527833'
verbose mkdir done: /tmp/npm-1330276803534/1330276803534-0.23288958752527833 755
verbose mkdir'ed /tmp/npm-1330276803534/1330276803534-0.23288958752527833
verbose tar about to write tar and gzip it.
silly tar args [ '-czvf', '-', '-T', '-' ]
silly spawning [ 'tar', [ '-czvf', '-', '-T', '-' ], '/var/www' ]
verbose mkdir (expected) error ENOENT, No such file or directory '/tmp/npm-1330276803534/1330276803534-0.23288958752527833/contents'
verbose mkdir (expected) error ENOENT, No such file or directory '/tmp/npm-1330276803534/1330276803534-0.23288958752527833/contents/___package.npm'
verbose mkdir done: /tmp/npm-1330276803534/1330276803534-0.23288958752527833/contents/___package.npm 755
verbose unpack_ uid, gid [ undefined, undefined ]
verbose unpackTarget /tmp/npm-1330276803534/1330276803534-0.23288958752527833/contents/package
silly gunzTarPerm modes [ '755', '644' ]
silly spawning [ 'tar',
silly spawning   [ '-zmvxpf',
silly spawning     '/tmp/npm-1330276803534/1330276803534-0.23288958752527833/tmp.tgz',
silly spawning     '-o' ],
silly spawning   '/tmp/npm-1330276803534/1330276803534-0.23288958752527833/contents/___package.npm' ]
silly tar out JSUS/.gitignore
silly tar out JSUS/package.json
silly tar out JSUS/README.md
silly tar out JSUS/jsus.js
silly tar out JSUS/lib/eval.js
silly tar out JSUS/lib/array.js
silly tar out JSUS/lib/obj.js
silly tar out JSUS/lib/random.js
silly tar out JSUS/lib/time.js
silly tar out JSUS/lib/dom.js
silly asyncMap in gTP /tmp/npm-1330276803534/1330276803534-0.23288958752527833/contents/___package.npm/JSUS
silly asyncMap in gTP /tmp/npm-1330276803534/1330276803534-0.23288958752527833/contents/___package.npm/JSUS/.gitignore
silly asyncMap in gTP /tmp/npm-1330276803534/1330276803534-0.23288958752527833/contents/___package.npm/JSUS/package.json
silly asyncMap in gTP /tmp/npm-1330276803534/1330276803534-0.23288958752527833/contents/___package.npm/JSUS/README.md
silly asyncMap in gTP /tmp/npm-1330276803534/1330276803534-0.23288958752527833/contents/___package.npm/JSUS/jsus.js
silly asyncMap in gTP /tmp/npm-1330276803534/1330276803534-0.23288958752527833/contents/___package.npm/JSUS/lib
silly asyncMap in gTP /tmp/npm-1330276803534/1330276803534-0.23288958752527833/contents/___package.npm/JSUS/lib/eval.js
silly asyncMap in gTP /tmp/npm-1330276803534/1330276803534-0.23288958752527833/contents/___package.npm/JSUS/lib/array.js
silly asyncMap in gTP /tmp/npm-1330276803534/1330276803534-0.23288958752527833/contents/___package.npm/JSUS/lib/obj.js
silly asyncMap in gTP /tmp/npm-1330276803534/1330276803534-0.23288958752527833/contents/___package.npm/JSUS/lib/random.js
silly asyncMap in gTP /tmp/npm-1330276803534/1330276803534-0.23288958752527833/contents/___package.npm/JSUS/lib/time.js
silly asyncMap in gTP /tmp/npm-1330276803534/1330276803534-0.23288958752527833/contents/___package.npm/JSUS/lib/dom.js
silly chmod JSUS 755
silly chmod .gitignore 644
silly chmod package.json 644
silly chmod README.md 644
silly chmod jsus.js 644
silly chmod lib 755
silly chmod eval.js 644
silly chmod array.js 644
silly chmod obj.js 644
silly chmod random.js 644
silly chmod time.js 644
silly chmod dom.js 644
verbose gunzed /tmp/npm-1330276803534/1330276803534-0.23288958752527833/contents/___package.npm/JSUS
verbose rm'ed /tmp/npm-1330276803534/1330276803534-0.23288958752527833/contents/package
verbose renamed [ '/tmp/npm-1330276803534/1330276803534-0.23288958752527833/contents/___package.npm/JSUS',
verbose renamed   '/tmp/npm-1330276803534/1330276803534-0.23288958752527833/contents/package' ]
silly testEngine { name: 'JSUS',
silly testEngine   description: 'JavaScript UtilS. Collection of general purpose functions. JSUS helps!',
silly testEngine   version: '0.1.1',
silly testEngine   keywords: 
silly testEngine    [ 'util',
silly testEngine      'general',
silly testEngine      'array',
silly testEngine      'eval',
silly testEngine      'time',
silly testEngine      'date',
silly testEngine      'object' ],
silly testEngine   author: 
silly testEngine    { name: 'Stefano Balietti',
silly testEngine      email: 'futur.dorko@gmail.com' },
silly testEngine   licenses: [ { type: 'MIT' } ],
silly testEngine   directories: { lib: './lib' },
silly testEngine   dependencies: {},
silly testEngine   engines: { node: '>=0.4.0' },
silly testEngine   main: 'jsus.js',
silly testEngine   repository: 
silly testEngine    { type: 'git',
silly testEngine      url: 'git://github.com/nodeGame/JSUS.git' },
silly testEngine   _npmUser: { name: 'shakty', email: 'futur.dorko@gmail.com' },
silly testEngine   _id: 'JSUS@0.1.1',
silly testEngine   devDependencies: {},
silly testEngine   _engineSupported: true,
silly testEngine   _npmVersion: '1.0.101',
silly testEngine   _nodeVersion: 'v0.4.12',
silly testEngine   _defaultsLoaded: true,
silly testEngine   path: '/tmp/npm-1330276803534/1330276803534-0.23288958752527833/contents/package' }
verbose caching /tmp/npm-1330276803534/1330276803534-0.23288958752527833/contents/package/package.json
verbose loadDefaults JSUS@0.1.1
verbose tarball contents [ 'package' ]
verbose from cache /tmp/npm-1330276803534/1330276803534-0.23288958752527833/contents/package/package.json
verbose pack /tmp/npm-1330276803534/1330276803534-0.23288958752527833/contents/package /home/stefano/.npm/JSUS/0.1.1/package.tgz
verbose mkdir (expected) error ENOENT, No such file or directory '/home/stefano/.npm/JSUS'
verbose mkdir (expected) error ENOENT, No such file or directory '/home/stefano/.npm/JSUS/0.1.1'
verbose mkdir done: /home/stefano/.npm/JSUS/0.1.1 755
verbose mkdir'ed /home/stefano/.npm/JSUS/0.1.1
verbose tar about to write tar and gzip it.
silly tar args [ '-czvf', '-', '-T', '-' ]
silly spawning [ 'tar',
silly spawning   [ '-czvf', '-', '-T', '-' ],
silly spawning   '/tmp/npm-1330276803534/1330276803534-0.23288958752527833/contents' ]
verbose mkdir (expected) error ENOENT, No such file or directory '/home/stefano/.npm/JSUS/0.1.1/___package.npm'
verbose mkdir done: /home/stefano/.npm/JSUS/0.1.1/___package.npm 755
verbose unpack_ uid, gid [ undefined, undefined ]
verbose unpackTarget /home/stefano/.npm/JSUS/0.1.1/package
silly gunzTarPerm modes [ '755', '644' ]
silly spawning [ 'tar',
silly spawning   [ '-zmvxpf',
silly spawning     '/home/stefano/.npm/JSUS/0.1.1/package.tgz',
silly spawning     '-o' ],
silly spawning   '/home/stefano/.npm/JSUS/0.1.1/___package.npm' ]
silly tar out package/.gitignore
silly tar out package/package.json
silly tar out package/README.md
silly tar out package/jsus.js
silly tar out package/lib/eval.js
silly tar out package/lib/array.js
silly tar out package/lib/obj.js
silly tar out package/lib/random.js
silly tar out package/lib/time.js
silly tar out package/lib/dom.js
silly asyncMap in gTP /home/stefano/.npm/JSUS/0.1.1/___package.npm/package
silly asyncMap in gTP /home/stefano/.npm/JSUS/0.1.1/___package.npm/package/README.md
silly asyncMap in gTP /home/stefano/.npm/JSUS/0.1.1/___package.npm/package/.gitignore
silly asyncMap in gTP /home/stefano/.npm/JSUS/0.1.1/___package.npm/package/jsus.js
silly asyncMap in gTP /home/stefano/.npm/JSUS/0.1.1/___package.npm/package/package.json
silly asyncMap in gTP /home/stefano/.npm/JSUS/0.1.1/___package.npm/package/lib
silly asyncMap in gTP /home/stefano/.npm/JSUS/0.1.1/___package.npm/package/lib/dom.js
silly asyncMap in gTP /home/stefano/.npm/JSUS/0.1.1/___package.npm/package/lib/time.js
silly asyncMap in gTP /home/stefano/.npm/JSUS/0.1.1/___package.npm/package/lib/obj.js
silly asyncMap in gTP /home/stefano/.npm/JSUS/0.1.1/___package.npm/package/lib/random.js
silly asyncMap in gTP /home/stefano/.npm/JSUS/0.1.1/___package.npm/package/lib/eval.js
silly asyncMap in gTP /home/stefano/.npm/JSUS/0.1.1/___package.npm/package/lib/array.js
silly chmod package 755
silly chmod lib 755
verbose gunzed /home/stefano/.npm/JSUS/0.1.1/___package.npm/package
verbose rm'ed /home/stefano/.npm/JSUS/0.1.1/package
verbose renamed [ '/home/stefano/.npm/JSUS/0.1.1/___package.npm/package',
verbose renamed   '/home/stefano/.npm/JSUS/0.1.1/package' ]
silly testEngine { name: 'JSUS',
silly testEngine   description: 'JavaScript UtilS. Collection of general purpose functions. JSUS helps!',
silly testEngine   version: '0.1.1',
silly testEngine   keywords: 
silly testEngine    [ 'util',
silly testEngine      'general',
silly testEngine      'array',
silly testEngine      'eval',
silly testEngine      'time',
silly testEngine      'date',
silly testEngine      'object' ],
silly testEngine   author: 
silly testEngine    { name: 'Stefano Balietti',
silly testEngine      email: 'futur.dorko@gmail.com' },
silly testEngine   licenses: [ { type: 'MIT' } ],
silly testEngine   directories: { lib: './lib' },
silly testEngine   dependencies: {},
silly testEngine   engines: { node: '>=0.4.0' },
silly testEngine   main: 'jsus.js',
silly testEngine   repository: 
silly testEngine    { type: 'git',
silly testEngine      url: 'git://github.com/nodeGame/JSUS.git' },
silly testEngine   _npmUser: { name: 'shakty', email: 'futur.dorko@gmail.com' },
silly testEngine   _id: 'JSUS@0.1.1',
silly testEngine   devDependencies: {},
silly testEngine   _engineSupported: true,
silly testEngine   _npmVersion: '1.0.101',
silly testEngine   _nodeVersion: 'v0.4.12',
silly testEngine   _defaultsLoaded: true,
silly testEngine   dist: 
silly testEngine    { shasum: '034f63be63bfb57951545a74c292475542384024',
silly testEngine      tarball: 'http://registry.npmjs.org/JSUS/-/JSUS-0.1.1.tgz' } }
verbose caching /home/stefano/.npm/JSUS/0.1.1/package/package.json
verbose loadDefaults JSUS@0.1.1
silly updated sha bytes 6145
info shasum 034f63be63bfb57951545a74c292475542384024
info shasum /home/stefano/.npm/JSUS/0.1.1/package.tgz
verbose from cache /home/stefano/.npm/JSUS/0.1.1/package/package.json
verbose chmod /home/stefano/.npm/JSUS/0.1.1/package.tgz 644
verbose chown [ '/home/stefano/.npm/JSUS/0.1.1/package.tgz',
verbose chown   1000,
verbose chown   1000 ]
silly publish { name: 'JSUS',
silly publish   description: 'JavaScript UtilS. Collection of general purpose functions. JSUS helps!',
silly publish   version: '0.1.1',
silly publish   keywords: 
silly publish    [ 'util',
silly publish      'general',
silly publish      'array',
silly publish      'eval',
silly publish      'time',
silly publish      'date',
silly publish      'object' ],
silly publish   author: 
silly publish    { name: 'Stefano Balietti',
silly publish      email: 'futur.dorko@gmail.com' },
silly publish   licenses: [ { type: 'MIT' } ],
silly publish   directories: { lib: './lib' },
silly publish   dependencies: {},
silly publish   engines: { node: '>=0.4.0' },
silly publish   main: 'jsus.js',
silly publish   repository: 
silly publish    { type: 'git',
silly publish      url: 'git://github.com/nodeGame/JSUS.git' },
silly publish   _npmUser: { name: 'shakty', email: 'futur.dorko@gmail.com' },
silly publish   _id: 'JSUS@0.1.1',
silly publish   devDependencies: {},
silly publish   _engineSupported: true,
silly publish   _npmVersion: '1.0.101',
silly publish   _nodeVersion: 'v0.4.12',
silly publish   _defaultsLoaded: true,
silly publish   dist: 
silly publish    { shasum: '034f63be63bfb57951545a74c292475542384024',
silly publish      tarball: 'http://registry.npmjs.org/JSUS/-/JSUS-0.1.1.tgz' } }
verbose PUT JSUS
verbose raw, before any munging JSUS
verbose url resolving [ 'https://registry.npmjs.org/', './JSUS' ]
verbose url resolved https://registry.npmjs.org/JSUS
verbose GET JSUS
verbose raw, before any munging JSUS
verbose url resolving [ 'https://registry.npmjs.org/', './JSUS' ]
verbose url resolved https://registry.npmjs.org/JSUS
info Already published JSUS@0.1.1
verbose uploading bin dists []
ERR! publish fail Cannot publish over existing version.
ERR! publish fail Bump the 'version' field, set the --force flag, or
ERR! publish fail     npm unpublish 'JSUS@0.1.1'
ERR! publish fail and try again
ERR! 
ERR! System Linux 3.0.0-12-generic-pae
ERR! command "node" "/usr/local/bin/npm" "publish"
ERR! cwd /var/www/JSUS
ERR! node -v v0.4.12
ERR! npm -v 1.0.101
ERR! code EPUBLISHCONFLICT
verbose exit [ 1, true ]
